Arguments: 
  /usr/local/bin/node /Users/olehlustenko/.yarn/bin/yarn.js dev

PATH: 
  /Users/olehlustenko/.yarn/bin:/Users/olehlustenko/.config/yarn/global/node_modules/.bin:/Users/olehlustenko/.cargo/bin:/usr/local/bin:/usr/bin:/bin:/usr/sbin:/sbin:/opt/X11/bin:/Library/Frameworks/Mono.framework/Versions/Current/Commands

Yarn version: 
  1.5.1

Node version: 
  8.11.2

Platform: 
  darwin x64

npm manifest: 
  {
    "name": "lesson-1",
    "version": "1.0.0",
    "description": "",
    "main": "webpack.config.js",
    "scripts": {
      "test": "echo \"Error: no test specified\" && exit 1",
      "dev": "./node_modules/.bin/webpack-dev-server --inline --hot"
    },
    "keywords": [],
    "author": "",
    "license": "ISC",
    "devDependencies": {
      "@babel/core": "^7.0.0",
      "@babel/preset-env": "^7.0.0",
      "@babel/preset-react": "^7.0.0",
      "babel-loader": "^8.0.0",
      "webpack": "^4.17.1",
      "webpack-cli": "^3.1.0",
      "webpack-dev-server": "^3.1.6"
    },
    "dependencies": {
      "react": "^16.4.2",
      "react-dom": "^16.4.2"
    }
  }

yarn manifest: 
  No manifest

Lockfile: 
  No lockfile

Trace: 
  Error: Command failed.
  Exit code: 1
  Command: sh
  Arguments: -c ./node_modules/.bin/webpack-dev-server --inline --hot
  Directory: /Users/olehlustenko/projects/teaching/easycode-react-08-2018/classworks/lesson-1
  Output:
  
      at ProcessTermError.MessageError (/Users/olehlustenko/.yarn/lib/cli.js:186:110)
      at new ProcessTermError (/Users/olehlustenko/.yarn/lib/cli.js:226:113)
      at ChildProcess.<anonymous> (/Users/olehlustenko/.yarn/lib/cli.js:30281:17)
      at emitTwo (events.js:126:13)
      at ChildProcess.emit (events.js:214:7)
      at maybeClose (internal/child_process.js:925:16)
      at Process.ChildProcess._handle.onexit (internal/child_process.js:209:5)
